[22:31:58] [Datafixer Bootstrap/INFO]: 188 Datafixer optimizations took 91 milliseconds
[22:31:59] [main/WARN]: Unrecognized user type: ${user_type}
[22:31:59] [Render thread/INFO]: Environment: authHost='https://authserver.mojang.com', accountsHost='https://api.mojang.com', sessionHost='https://sessionserver.mojang.com', servicesHost='https://api.minecraftservices.com', name='PROD'
[22:32:00] [Render thread/ERROR]: Failed to verify authentication
com.mojang.authlib.exceptions.InvalidCredentialsException: Status: 401
	at com.mojang.authlib.exceptions.MinecraftClientHttpException.toAuthenticationException(MinecraftClientHttpException.java:56) ~[authlib-4.0.43.jar:?]
	at com.mojang.authlib.yggdrasil.YggdrasilUserApiService.fetchProperties(YggdrasilUserApiService.java:156) ~[authlib-4.0.43.jar:?]
	at com.mojang.authlib.yggdrasil.YggdrasilUserApiService.<init>(YggdrasilUserApiService.java:55) ~[authlib-4.0.43.jar:?]
	at com.mojang.authlib.yggdrasil.YggdrasilAuthenticationService.createUserApiService(YggdrasilAuthenticationService.java:124) ~[authlib-4.0.43.jar:?]
	at enn.a(SourceFile:733) ~[1.20.1.jar:?]
	at enn.<init>(SourceFile:442) ~[1.20.1.jar:?]
	at net.minecraft.client.main.Main.main(SourceFile:211) ~[1.20.1.jar:?]
Caused by: com.mojang.authlib.exceptions.MinecraftClientHttpException: Status: 401
	at com.mojang.authlib.minecraft.client.MinecraftClient.readInputStream(MinecraftClient.java:85) ~[authlib-4.0.43.jar:?]
	at com.mojang.authlib.minecraft.client.MinecraftClient.get(MinecraftClient.java:48) ~[authlib-4.0.43.jar:?]
	at com.mojang.authlib.yggdrasil.YggdrasilUserApiService.fetchProperties(YggdrasilUserApiService.java:129) ~[authlib-4.0.43.jar:?]
	... 5 more
[22:32:00] [Render thread/INFO]: Setting user: Umazz
[22:32:00] [Render thread/INFO]: Backend library: LWJGL version 3.3.1 build 7
[22:32:00] [Render thread/INFO]: Reloading ResourceManager: vanilla
[22:32:00] [Worker-Main-6/INFO]: Found unifont_all_no_pua-15.0.06.hex, loading
[22:32:01] [Realms Notification Availability checker #1/INFO]: Could not authorize you against Realms server: Invalid session id
[22:32:01] [Render thread/WARN]: Missing sound for event: minecraft:item.goat_horn.play
[22:32:01] [Render thread/WARN]: Missing sound for event: minecraft:entity.goat.screaming.horn_break
[22:32:01] [Render thread/INFO]: OpenAL initialized on device OpenAL Soft on Динамики (Realtek High Definition Audio)
[22:32:01] [Render thread/INFO]: Sound engine started
[22:32:01] [Render thread/INFO]: Created: 1024x512x4 minecraft:textures/atlas/blocks.png-atlas
[22:32:01] [Render thread/INFO]: Created: 256x256x4 minecraft:textures/atlas/signs.png-atlas
[22:32:01] [Render thread/INFO]: Created: 512x512x4 minecraft:textures/atlas/banner_patterns.png-atlas
[22:32:01] [Render thread/INFO]: Created: 512x512x4 minecraft:textures/atlas/shield_patterns.png-atlas
[22:32:01] [Render thread/INFO]: Created: 1024x1024x4 minecraft:textures/atlas/armor_trims.png-atlas
[22:32:01] [Render thread/INFO]: Created: 256x256x4 minecraft:textures/atlas/chest.png-atlas
[22:32:01] [Render thread/INFO]: Created: 128x64x4 minecraft:textures/atlas/decorated_pot.png-atlas
[22:32:01] [Render thread/INFO]: Created: 512x256x4 minecraft:textures/atlas/shulker_boxes.png-atlas
[22:32:01] [Render thread/INFO]: Created: 512x256x4 minecraft:textures/atlas/beds.png-atlas
[22:32:01] [Render thread/WARN]: Shader rendertype_entity_translucent_emissive could not find sampler named Sampler2 in the specified shader program.
[22:32:01] [Render thread/INFO]: Created: 256x256x0 minecraft:textures/atlas/particles.png-atlas
[22:32:01] [Render thread/INFO]: Created: 256x256x0 minecraft:textures/atlas/paintings.png-atlas
[22:32:01] [Render thread/INFO]: Created: 128x128x0 minecraft:textures/atlas/mob_effects.png-atlas
[22:32:04] [Render thread/INFO]: Stopping!
