[10:10:05] [Datafixer Bootstrap/INFO]: 180 Datafixer optimizations took 91 milliseconds
[10:10:06] [Render thread/INFO]: Environment: authHost='https://authserver.mojang.com', accountsHost='https://api.mojang.com', sessionHost='https://sessionserver.mojang.com', servicesHost='https://api.minecraftservices.com', name='PROD'
[10:10:06] [Render thread/ERROR]: Failed to verify authentication
com.mojang.authlib.exceptions.InvalidCredentialsException: Status: 401
	at com.mojang.authlib.exceptions.MinecraftClientHttpException.toAuthenticationException(MinecraftClientHttpException.java:56) ~[authlib-3.18.38.jar:?]
	at com.mojang.authlib.yggdrasil.YggdrasilUserApiService.fetchProperties(YggdrasilUserApiService.java:156) ~[authlib-3.18.38.jar:?]
	at com.mojang.authlib.yggdrasil.YggdrasilUserApiService.<init>(YggdrasilUserApiService.java:55) ~[authlib-3.18.38.jar:?]
	at com.mojang.authlib.yggdrasil.YggdrasilAuthenticationService.createUserApiService(YggdrasilAuthenticationService.java:161) ~[authlib-3.18.38.jar:?]
	at emh.a(SourceFile:732) ~[1.19.4.jar:?]
	at emh.<init>(SourceFile:440) ~[1.19.4.jar:?]
	at net.minecraft.client.main.Main.main(SourceFile:198) ~[1.19.4.jar:?]
Caused by: com.mojang.authlib.exceptions.MinecraftClientHttpException: Status: 401
	at com.mojang.authlib.minecraft.client.MinecraftClient.readInputStream(MinecraftClient.java:85) ~[authlib-3.18.38.jar:?]
	at com.mojang.authlib.minecraft.client.MinecraftClient.get(MinecraftClient.java:48) ~[authlib-3.18.38.jar:?]
	at com.mojang.authlib.yggdrasil.YggdrasilUserApiService.fetchProperties(YggdrasilUserApiService.java:129) ~[authlib-3.18.38.jar:?]
	... 5 more
[10:10:06] [Render thread/INFO]: Setting user: Umatriz
[10:10:06] [Render thread/INFO]: Backend library: LWJGL version 3.3.1 build 7
[10:10:07] [Render thread/INFO]: Reloading ResourceManager: vanilla
[10:10:07] [Realms Notification Availability checker #1/INFO]: Could not authorize you against Realms server: Invalid session id
[10:10:08] [Render thread/WARN]: Missing sound for event: minecraft:item.brush.brushing
[10:10:08] [Render thread/WARN]: Missing sound for event: minecraft:item.brush.brush_sand_completed
[10:10:08] [Render thread/WARN]: Missing sound for event: minecraft:item.goat_horn.play
[10:10:08] [Render thread/WARN]: Missing sound for event: minecraft:entity.goat.screaming.horn_break
[10:10:08] [Render thread/WARN]: Missing sound for event: minecraft:music.overworld.cherry_grove
[10:10:08] [Render thread/INFO]: OpenAL initialized on device OpenAL Soft on Динамики (Realtek High Definition Audio)
[10:10:08] [Render thread/INFO]: Sound engine started
[10:10:08] [Render thread/INFO]: Created: 1024x512x4 minecraft:textures/atlas/blocks.png-atlas
[10:10:08] [Render thread/INFO]: Created: 256x256x4 minecraft:textures/atlas/signs.png-atlas
[10:10:08] [Render thread/INFO]: Created: 512x512x4 minecraft:textures/atlas/banner_patterns.png-atlas
[10:10:08] [Render thread/INFO]: Created: 512x512x4 minecraft:textures/atlas/shield_patterns.png-atlas
[10:10:08] [Render thread/INFO]: Created: 1024x1024x4 minecraft:textures/atlas/armor_trims.png-atlas
[10:10:08] [Render thread/INFO]: Created: 64x64x4 minecraft:textures/atlas/decorated_pot.png-atlas
[10:10:08] [Render thread/INFO]: Created: 256x256x4 minecraft:textures/atlas/chest.png-atlas
[10:10:08] [Render thread/INFO]: Created: 512x256x4 minecraft:textures/atlas/beds.png-atlas
[10:10:08] [Render thread/INFO]: Created: 512x256x4 minecraft:textures/atlas/shulker_boxes.png-atlas
[10:10:08] [Render thread/WARN]: Shader rendertype_entity_translucent_emissive could not find sampler named Sampler2 in the specified shader program.
[10:10:08] [Render thread/INFO]: Created: 256x256x0 minecraft:textures/atlas/particles.png-atlas
[10:10:08] [Render thread/INFO]: Created: 256x256x0 minecraft:textures/atlas/paintings.png-atlas
[10:10:08] [Render thread/INFO]: Created: 128x128x0 minecraft:textures/atlas/mob_effects.png-atlas
[10:11:47] [Render thread/INFO]: Reloading ResourceManager: vanilla
[10:11:48] [Render thread/WARN]: Missing sound for event: minecraft:item.brush.brushing
[10:11:48] [Render thread/WARN]: Missing sound for event: minecraft:item.brush.brush_sand_completed
[10:11:48] [Render thread/WARN]: Missing sound for event: minecraft:item.goat_horn.play
[10:11:48] [Render thread/WARN]: Missing sound for event: minecraft:entity.goat.screaming.horn_break
[10:11:48] [Render thread/WARN]: Missing sound for event: minecraft:music.overworld.cherry_grove
[10:11:48] [Render thread/INFO]: OpenAL initialized on device OpenAL Soft on Динамики (Realtek High Definition Audio)
[10:11:48] [Render thread/INFO]: Sound engine started
[10:11:48] [Render thread/INFO]: Created: 1024x512x4 minecraft:textures/atlas/blocks.png-atlas
[10:11:48] [Render thread/INFO]: Created: 256x256x4 minecraft:textures/atlas/signs.png-atlas
[10:11:48] [Render thread/INFO]: Created: 512x512x4 minecraft:textures/atlas/banner_patterns.png-atlas
[10:11:48] [Render thread/INFO]: Created: 512x512x4 minecraft:textures/atlas/shield_patterns.png-atlas
[10:11:48] [Render thread/INFO]: Created: 1024x1024x4 minecraft:textures/atlas/armor_trims.png-atlas
[10:11:48] [Render thread/INFO]: Created: 64x64x4 minecraft:textures/atlas/decorated_pot.png-atlas
[10:11:48] [Render thread/INFO]: Created: 256x256x4 minecraft:textures/atlas/chest.png-atlas
[10:11:48] [Render thread/INFO]: Created: 512x256x4 minecraft:textures/atlas/beds.png-atlas
[10:11:48] [Render thread/INFO]: Created: 512x256x4 minecraft:textures/atlas/shulker_boxes.png-atlas
[10:11:48] [Render thread/WARN]: Shader rendertype_entity_translucent_emissive could not find sampler named Sampler2 in the specified shader program.
[10:11:48] [Render thread/INFO]: Created: 256x256x0 minecraft:textures/atlas/particles.png-atlas
[10:11:48] [Render thread/INFO]: Created: 256x256x0 minecraft:textures/atlas/paintings.png-atlas
[10:11:48] [Render thread/INFO]: Created: 128x128x0 minecraft:textures/atlas/mob_effects.png-atlas
[10:13:13] [Render thread/INFO]: Stopping!
